uname -a	Mon Jul 15 03:41:09 2024	Mon Jul 15 03:41:09 2024
ls -l /home	Mon Jul 15 03:41:09 2024	Mon Jul 15 03:41:09 2024
date	Mon Jul 15 03:41:09 2024	Mon Jul 15 03:41:09 2024
echo "Hello, World!"	Mon Jul 15 03:41:09 2024	Mon Jul 15 03:41:09 2024
uname -a	Mon Jul 15 03:46:29 2024	Mon Jul 15 03:46:29 2024
ls -l /home	Mon Jul 15 03:46:29 2024	Mon Jul 15 03:46:29 2024
date	Mon Jul 15 03:46:29 2024	Mon Jul 15 03:46:29 2024
echo "Hello, World!"	Mon Jul 15 03:46:29 2024	Mon Jul 15 03:46:29 2024
uname -a	Mon Jul 15 03:46:29 2024	Mon Jul 15 03:46:29 2024
/sbin/ifconfig	Mon Jul 15 03:46:29 2024	Mon Jul 15 03:46:29 2024
/home/UAB/puri/CS332/lab7/hw1 500	Mon Jul 15 03:46:29 2024	Mon Jul 15 03:46:29 2024
/home/UAB/puri/CS332/lab7/hw1 1000/home/UAB/puri/CS332/lab7/hw1 1000	Mon Jul 15 03:46:29 2024	Mon Jul 15 03:46:29 2024
uname -a	Mon Jul 15 03:55:19 2024	Mon Jul 15 03:55:19 2024
ls -l /home	Mon Jul 15 03:55:19 2024	Mon Jul 15 03:55:19 2024
date	Mon Jul 15 03:55:19 2024	Mon Jul 15 03:55:19 2024
echo "Hello, World!"	Mon Jul 15 03:55:19 2024	Mon Jul 15 03:55:19 2024
uname -a	Mon Jul 15 03:55:19 2024	Mon Jul 15 03:55:19 2024
/sbin/ifconfig	Mon Jul 15 03:55:19 2024	Mon Jul 15 03:55:19 2024
/workspaces/CS532-System-Programming/Labs/Lab07/lab07 500	Mon Jul 15 03:55:19 2024	Mon Jul 15 03:55:19 2024
/workspaces/CS532-System-Programming/Labs/Lab07/lab07 1000	Mon Jul 15 03:55:19 2024	Mon Jul 15 03:55:19 2024
uname -a	Mon Jul 15 04:01:41 2024	Mon Jul 15 04:01:41 2024
ls -l /home	Mon Jul 15 04:01:41 2024	Mon Jul 15 04:01:41 2024
date	Mon Jul 15 04:01:41 2024	Mon Jul 15 04:01:41 2024
echo "Hello, World!"	Mon Jul 15 04:01:41 2024	Mon Jul 15 04:01:41 2024
uname -a	Mon Jul 15 04:01:41 2024	Mon Jul 15 04:01:41 2024
/sbin/ifconfig	Mon Jul 15 04:01:41 2024	Mon Jul 15 04:01:41 2024
/workspaces/CS532-System-Programming/Labs/Lab07/hw1 500	Mon Jul 15 04:01:41 2024	Mon Jul 15 04:01:42 2024
/workspaces/CS532-System-Programming/Labs/Lab07/hw1 1000	Mon Jul 15 04:01:42 2024	Mon Jul 15 04:01:46 2024
uname -a	Mon Jul 15 04:03:22 2024	Mon Jul 15 04:03:22 2024
ls -l /home	Mon Jul 15 04:03:22 2024	Mon Jul 15 04:03:22 2024
/workspaces/CS532-System-Programming/Labs/Lab07/hw1 500	Mon Jul 15 04:03:22 2024	Mon Jul 15 04:03:23 2024
/workspaces/CS532-System-Programming/Labs/Lab07/hw1 1000	Mon Jul 15 04:03:23 2024	Mon Jul 15 04:03:26 2024
date	Mon Jul 15 04:03:26 2024	Mon Jul 15 04:03:26 2024
echo "Hello, World!"	Mon Jul 15 04:03:26 2024	Mon Jul 15 04:03:26 2024
/sbin/ifconfig	Mon Jul 15 04:03:26 2024	Mon Jul 15 04:03:26 2024
uname -a	Mon Jul 15 04:09:40 2024	Mon Jul 15 04:09:40 2024
ls -l /home	Mon Jul 15 04:09:40 2024	Mon Jul 15 04:09:40 2024
/workspaces/CS532-System-Programming/Labs/Lab07/hw1 500	Mon Jul 15 04:09:40 2024	Mon Jul 15 04:09:41 2024
/workspaces/CS532-System-Programming/Labs/Lab07/hw1 1000	Mon Jul 15 04:09:41 2024	Mon Jul 15 04:09:44 2024
date	Mon Jul 15 04:09:44 2024	Mon Jul 15 04:09:44 2024
echo "Hello, World!"	Mon Jul 15 04:09:44 2024	Mon Jul 15 04:09:44 2024
/sbin/ifconfig	Mon Jul 15 04:09:44 2024	Mon Jul 15 04:09:44 2024
